<?xml version="1.0" encoding="UTF-8"?>
<coverage generated="1584419602226" clover="3.2.0">
  <project timestamp="1584419602226" name="All files">
    <metrics statements="23" coveredstatements="22" conditionals="17" coveredconditionals="15" methods="4" coveredmethods="4" elements="44" coveredelements="41" complexity="0" loc="23" ncloc="23" packages="2" files="3" classes="3"/>
    <package name="lib">
      <metrics statements="16" coveredstatements="15" conditionals="16" coveredconditionals="15" methods="2" coveredmethods="2"/>
      <file name="app.js" path="/Users/danielleschumaker/alchemy/career-track/http-server/lib/app.js">
        <metrics statements="16" coveredstatements="15" conditionals="16" coveredconditionals="15" methods="2" coveredmethods="2"/>
        <line num="1" count="1" type="stmt"/>
        <line num="2" count="1" type="stmt"/>
        <line num="3" count="1" type="stmt"/>
        <line num="5" count="1" type="stmt"/>
        <line num="6" count="4" type="stmt"/>
        <line num="7" count="4" type="stmt"/>
        <line num="9" count="4" type="cond" truecount="4" falsecount="0"/>
        <line num="10" count="1" type="stmt"/>
        <line num="27" count="3" type="cond" truecount="4" falsecount="0"/>
        <line num="28" count="1" type="stmt"/>
        <line num="40" count="2" type="cond" truecount="4" falsecount="0"/>
        <line num="41" count="1" type="stmt"/>
        <line num="53" count="1" type="cond" truecount="3" falsecount="1"/>
        <line num="54" count="1" type="stmt"/>
        <line num="67" count="0" type="stmt"/>
        <line num="76" count="1" type="stmt"/>
      </file>
    </package>
    <package name="lib.utils">
      <metrics statements="7" coveredstatements="7" conditionals="1" coveredconditionals="0" methods="2" coveredmethods="2"/>
      <file name="createResponse.js" path="/Users/danielleschumaker/alchemy/career-track/http-server/lib/utils/createResponse.js">
        <metrics statements="2" coveredstatements="2" conditionals="1" coveredconditionals="0" methods="1" coveredmethods="1"/>
        <line num="1" count="2" type="cond" truecount="0" falsecount="1"/>
        <line num="2" count="5" type="stmt"/>
      </file>
      <file name="parseRequest.js" path="/Users/danielleschumaker/alchemy/career-track/http-server/lib/utils/parseRequest.js">
        <metrics statements="5" coveredstatements="5" conditionals="0" coveredconditionals="0" methods="1" coveredmethods="1"/>
        <line num="2" count="2" type="stmt"/>
        <line num="3" count="6" type="stmt"/>
        <line num="4" count="6" type="stmt"/>
        <line num="5" count="6" type="stmt"/>
        <line num="7" count="6" type="stmt"/>
      </file>
    </package>
  </project>
</coverage>
