<?xml version="1.0" encoding="UTF-8"?>
<coverage generated="1584408272945" clover="3.2.0">
  <project timestamp="1584408272945" name="All files">
    <metrics statements="5" coveredstatements="5" conditionals="1" coveredconditionals="0" methods="2" coveredmethods="2" elements="8" coveredelements="7" complexity="0" loc="5" ncloc="5" packages="1" files="2" classes="2"/>
    <file name="createResponse.js" path="/Users/danielleschumaker/alchemy/career-track/http-server/lib/utils/createResponse.js">
      <metrics statements="1" coveredstatements="1" conditionals="1" coveredconditionals="0" methods="1" coveredmethods="1"/>
      <line num="1" count="1" type="cond" truecount="0" falsecount="1"/>
    </file>
    <file name="parseRequest.js" path="/Users/danielleschumaker/alchemy/career-track/http-server/lib/utils/parseRequest.js">
      <metrics statements="4" coveredstatements="4" conditionals="0" coveredconditionals="0" methods="1" coveredmethods="1"/>
      <line num="7" count="1" type="stmt"/>
      <line num="10" count="2" type="stmt"/>
      <line num="11" count="2" type="stmt"/>
      <line num="13" count="2" type="stmt"/>
    </file>
  </project>
</coverage>
