{"/Users/danielleschumaker/alchemy/career-track/http-server/lib/app.js": {"path":"/Users/danielleschumaker/alchemy/career-track/http-server/lib/app.js","statementMap":{"0":{"start":{"line":1,"column":12},"end":{"line":1,"column":26}},"1":{"start":{"line":2,"column":21},"end":{"line":2,"column":52}},"2":{"start":{"line":3,"column":23},"end":{"line":3,"column":56}},"3":{"start":{"line":5,"column":12},"end":{"line":74,"column":2}},"4":{"start":{"line":6,"column":2},"end":{"line":73,"column":5}},"5":{"start":{"line":7,"column":20},"end":{"line":7,"column":49}},"6":{"start":{"line":9,"column":4},"end":{"line":72,"column":5}},"7":{"start":{"line":10,"column":6},"end":{"line":14,"column":10}},"8":{"start":{"line":27,"column":11},"end":{"line":72,"column":5}},"9":{"start":{"line":28,"column":6},"end":{"line":39,"column":10}},"10":{"start":{"line":40,"column":11},"end":{"line":72,"column":5}},"11":{"start":{"line":41,"column":6},"end":{"line":52,"column":10}},"12":{"start":{"line":53,"column":11},"end":{"line":72,"column":5}},"13":{"start":{"line":54,"column":6},"end":{"line":65,"column":10}},"14":{"start":{"line":67,"column":6},"end":{"line":71,"column":10}},"15":{"start":{"line":76,"column":0},"end":{"line":76,"column":21}}},"fnMap":{"0":{"name":"(anonymous_0)","decl":{"start":{"line":5,"column":29},"end":{"line":5,"column":30}},"loc":{"start":{"line":5,"column":39},"end":{"line":74,"column":1}},"line":5},"1":{"name":"(anonymous_1)","decl":{"start":{"line":6,"column":20},"end":{"line":6,"column":21}},"loc":{"start":{"line":6,"column":28},"end":{"line":73,"column":3}},"line":6}},"branchMap":{"0":{"loc":{"start":{"line":9,"column":4},"end":{"line":72,"column":5}},"type":"if","locations":[{"start":{"line":9,"column":4},"end":{"line":72,"column":5}},{"start":{"line":9,"column":4},"end":{"line":72,"column":5}}],"line":9},"1":{"loc":{"start":{"line":9,"column":7},"end":{"line":9,"column":55}},"type":"binary-expr","locations":[{"start":{"line":9,"column":7},"end":{"line":9,"column":27}},{"start":{"line":9,"column":31},"end":{"line":9,"column":55}}],"line":9},"2":{"loc":{"start":{"line":27,"column":11},"end":{"line":72,"column":5}},"type":"if","locations":[{"start":{"line":27,"column":11},"end":{"line":72,"column":5}},{"start":{"line":27,"column":11},"end":{"line":72,"column":5}}],"line":27},"3":{"loc":{"start":{"line":27,"column":14},"end":{"line":27,"column":65}},"type":"binary-expr","locations":[{"start":{"line":27,"column":14},"end":{"line":27,"column":37}},{"start":{"line":27,"column":41},"end":{"line":27,"column":65}}],"line":27},"4":{"loc":{"start":{"line":40,"column":11},"end":{"line":72,"column":5}},"type":"if","locations":[{"start":{"line":40,"column":11},"end":{"line":72,"column":5}},{"start":{"line":40,"column":11},"end":{"line":72,"column":5}}],"line":40},"5":{"loc":{"start":{"line":40,"column":14},"end":{"line":40,"column":67}},"type":"binary-expr","locations":[{"start":{"line":40,"column":14},"end":{"line":40,"column":39}},{"start":{"line":40,"column":43},"end":{"line":40,"column":67}}],"line":40},"6":{"loc":{"start":{"line":53,"column":11},"end":{"line":72,"column":5}},"type":"if","locations":[{"start":{"line":53,"column":11},"end":{"line":72,"column":5}},{"start":{"line":53,"column":11},"end":{"line":72,"column":5}}],"line":53},"7":{"loc":{"start":{"line":53,"column":14},"end":{"line":53,"column":66}},"type":"binary-expr","locations":[{"start":{"line":53,"column":14},"end":{"line":53,"column":38}},{"start":{"line":53,"column":42},"end":{"line":53,"column":66}}],"line":53}},"s":{"0":1,"1":1,"2":1,"3":1,"4":4,"5":4,"6":4,"7":1,"8":3,"9":1,"10":2,"11":1,"12":1,"13":1,"14":0,"15":1},"f":{"0":4,"1":4},"b":{"0":[1,3],"1":[4,1],"2":[1,2],"3":[3,1],"4":[1,1],"5":[2,1],"6":[1,0],"7":[1,1]},"_coverageSchema":"43e27e138ebf9cfc5966b082cf9a028302ed4184","hash":"68c5018eec3ecad37701e210e4e8b9f202ba2d24"}
,"/Users/danielleschumaker/alchemy/career-track/http-server/lib/utils/createResponse.js": {"path":"/Users/danielleschumaker/alchemy/career-track/http-server/lib/utils/createResponse.js","statementMap":{"0":{"start":{"line":1,"column":0},"end":{"line":10,"column":2}},"1":{"start":{"line":2,"column":2},"end":{"line":9,"column":11}}},"fnMap":{"0":{"name":"(anonymous_0)","decl":{"start":{"line":1,"column":17},"end":{"line":1,"column":18}},"loc":{"start":{"line":1,"column":57},"end":{"line":10,"column":1}},"line":1}},"branchMap":{"0":{"loc":{"start":{"line":1,"column":20},"end":{"line":1,"column":29}},"type":"default-arg","locations":[{"start":{"line":1,"column":27},"end":{"line":1,"column":29}}],"line":1}},"s":{"0":2,"1":5},"f":{"0":5},"b":{"0":[0]},"_coverageSchema":"43e27e138ebf9cfc5966b082cf9a028302ed4184","hash":"68f1597c1cb7b10809019959a3885e51b889b754"}
,"/Users/danielleschumaker/alchemy/career-track/http-server/lib/utils/parseRequest.js": {"path":"/Users/danielleschumaker/alchemy/career-track/http-server/lib/utils/parseRequest.js","statementMap":{"0":{"start":{"line":2,"column":0},"end":{"line":12,"column":2}},"1":{"start":{"line":3,"column":18},"end":{"line":3,"column":50}},"2":{"start":{"line":4,"column":27},"end":{"line":4,"column":59}},"3":{"start":{"line":5,"column":15},"end":{"line":5,"column":46}},"4":{"start":{"line":7,"column":2},"end":{"line":11,"column":4}}},"fnMap":{"0":{"name":"(anonymous_0)","decl":{"start":{"line":2,"column":17},"end":{"line":2,"column":18}},"loc":{"start":{"line":2,"column":31},"end":{"line":12,"column":1}},"line":2}},"branchMap":{},"s":{"0":2,"1":6,"2":6,"3":6,"4":6},"f":{"0":6},"b":{},"_coverageSchema":"43e27e138ebf9cfc5966b082cf9a028302ed4184","hash":"5546c665e81ec918824dae5e720d4700b945cd90"}
}
