{"/Users/danielleschumaker/alchemy/career-track/http-server/lib/utils/createResponse.js": {"path":"/Users/danielleschumaker/alchemy/career-track/http-server/lib/utils/createResponse.js","statementMap":{"0":{"start":{"line":1,"column":0},"end":{"line":6,"column":11}},"1":{"start":{"line":1,"column":57},"end":{"line":6,"column":10}}},"fnMap":{"0":{"name":"(anonymous_0)","decl":{"start":{"line":1,"column":17},"end":{"line":1,"column":18}},"loc":{"start":{"line":1,"column":57},"end":{"line":6,"column":10}},"line":1}},"branchMap":{"0":{"loc":{"start":{"line":1,"column":20},"end":{"line":1,"column":29}},"type":"default-arg","locations":[{"start":{"line":1,"column":27},"end":{"line":1,"column":29}}],"line":1}},"s":{"0":1,"1":1},"f":{"0":1},"b":{"0":[0]},"_coverageSchema":"43e27e138ebf9cfc5966b082cf9a028302ed4184","hash":"63a0c417634d59d78aebb028771d8e7d1a48821b"}
,"/Users/danielleschumaker/alchemy/career-track/http-server/lib/utils/parseRequest.js": {"path":"/Users/danielleschumaker/alchemy/career-track/http-server/lib/utils/parseRequest.js","statementMap":{"0":{"start":{"line":7,"column":0},"end":{"line":18,"column":2}},"1":{"start":{"line":10,"column":25},"end":{"line":10,"column":61}},"2":{"start":{"line":11,"column":19},"end":{"line":11,"column":47}},"3":{"start":{"line":13,"column":2},"end":{"line":17,"column":4}}},"fnMap":{"0":{"name":"(anonymous_0)","decl":{"start":{"line":7,"column":17},"end":{"line":7,"column":18}},"loc":{"start":{"line":7,"column":31},"end":{"line":18,"column":1}},"line":7}},"branchMap":{},"s":{"0":1,"1":2,"2":2,"3":2},"f":{"0":2},"b":{},"_coverageSchema":"43e27e138ebf9cfc5966b082cf9a028302ed4184","hash":"6cc75a9b19c2b3853f6335f62783b8f2862bd4ab"}
}
