TN:
SF:/Users/danielleschumaker/alchemy/career-track/http-server/lib/app.js
FN:5,(anonymous_0)
FN:6,(anonymous_1)
FNF:2
FNH:2
FNDA:4,(anonymous_0)
FNDA:4,(anonymous_1)
DA:1,1
DA:2,1
DA:3,1
DA:5,1
DA:6,4
DA:7,4
DA:9,4
DA:10,1
DA:27,3
DA:28,1
DA:40,2
DA:41,1
DA:53,1
DA:54,1
DA:67,0
DA:76,1
LF:16
LH:15
BRDA:9,0,0,1
BRDA:9,0,1,3
BRDA:9,1,0,4
BRDA:9,1,1,1
BRDA:27,2,0,1
BRDA:27,2,1,2
BRDA:27,3,0,3
BRDA:27,3,1,1
BRDA:40,4,0,1
BRDA:40,4,1,1
BRDA:40,5,0,2
BRDA:40,5,1,1
BRDA:53,6,0,1
BRDA:53,6,1,0
BRDA:53,7,0,1
BRDA:53,7,1,1
BRF:16
BRH:15
end_of_record
TN:
SF:/Users/danielleschumaker/alchemy/career-track/http-server/lib/utils/createResponse.js
FN:1,(anonymous_0)
FNF:1
FNH:1
FNDA:5,(anonymous_0)
DA:1,2
DA:2,5
LF:2
LH:2
BRDA:1,0,0,0
BRF:1
BRH:0
end_of_record
TN:
SF:/Users/danielleschumaker/alchemy/career-track/http-server/lib/utils/parseRequest.js
FN:2,(anonymous_0)
FNF:1
FNH:1
FNDA:6,(anonymous_0)
DA:2,2
DA:3,6
DA:4,6
DA:5,6
DA:7,6
LF:5
LH:5
BRF:0
BRH:0
end_of_record
