TN:
SF:/Users/danielleschumaker/alchemy/career-track/http-server/lib/app.js
FN:5,(anonymous_0)
FN:6,(anonymous_1)
FNF:2
FNH:2
FNDA:5,(anonymous_0)
FNDA:5,(anonymous_1)
DA:1,1
DA:2,1
DA:3,1
DA:5,1
DA:6,5
DA:7,5
DA:9,5
DA:10,1
DA:15,4
DA:16,1
DA:28,3
DA:29,1
DA:41,2
DA:42,1
DA:54,1
DA:55,1
DA:68,0
DA:77,1
LF:18
LH:17
BRDA:9,0,0,1
BRDA:9,0,1,4
BRDA:9,1,0,5
BRDA:9,1,1,1
BRDA:15,2,0,1
BRDA:15,2,1,3
BRDA:15,3,0,4
BRDA:15,3,1,1
BRDA:28,4,0,1
BRDA:28,4,1,2
BRDA:28,5,0,3
BRDA:28,5,1,1
BRDA:41,6,0,1
BRDA:41,6,1,1
BRDA:41,7,0,2
BRDA:41,7,1,1
BRDA:54,8,0,1
BRDA:54,8,1,0
BRDA:54,9,0,1
BRDA:54,9,1,1
BRF:20
BRH:19
end_of_record
TN:
SF:/Users/danielleschumaker/alchemy/career-track/http-server/lib/utils/createResponse.js
FN:1,(anonymous_0)
FNF:1
FNH:1
FNDA:6,(anonymous_0)
DA:1,2
DA:2,6
LF:2
LH:2
BRDA:1,0,0,0
BRF:1
BRH:0
end_of_record
TN:
SF:/Users/danielleschumaker/alchemy/career-track/http-server/lib/utils/parseRequest.js
FN:2,(anonymous_0)
FNF:1
FNH:1
FNDA:7,(anonymous_0)
DA:2,2
DA:3,7
DA:4,7
DA:5,7
DA:7,7
LF:5
LH:5
BRF:0
BRH:0
end_of_record
